<?xml version="1.0" encoding="UTF-8"?>
<!-- Generated by org.testng.reporters.JUnitReportReporter -->
<testsuite hostname="DESKTOP-F150NI8" failures="0" tests="1" name="ACADEMY.AENDTOEND.HomePage" time="19.932" errors="0" timestamp="2021-11-06T19:21:17 IST" skipped="0">
  <testcase classname="ACADEMY.AENDTOEND.HomePage" name="basenavigation" time="19.932"/>
  <system-out/>
</testsuite> <!-- ACADEMY.AENDTOEND.HomePage -->
